  poker.c
c:\users\newuser\desktop\college\cpts_121\cpts121\pa7\pa7\poker.c(59): warning C4098: 'deal': 'void' function returning a value
c:\users\newuser\desktop\college\cpts_121\cpts121\pa7\pa7\poker.c(109): warning C4098: 'deal_specific_cards': 'void' function returning a value
c:\users\newuser\desktop\college\cpts_121\cpts121\pa7\pa7\poker.c(236): warning C4996: 'scanf': This function or variable may be unsafe. Consider using scanf_s instead. To disable deprecation, use _CRT_SECURE_NO_WARNINGS. See online help for details.
  c:\program files (x86)\windows kits\10\include\10.0.10240.0\ucrt\stdio.h(1270): note: see declaration of 'scanf'
c:\users\newuser\desktop\college\cpts_121\cpts121\pa7\pa7\poker.c(243): warning C4996: 'scanf': This function or variable may be unsafe. Consider using scanf_s instead. To disable deprecation, use _CRT_SECURE_NO_WARNINGS. See online help for details.
  c:\program files (x86)\windows kits\10\include\10.0.10240.0\ucrt\stdio.h(1270): note: see declaration of 'scanf'
c:\users\newuser\desktop\college\cpts_121\cpts121\pa7\pa7\poker.c(248): warning C4996: 'scanf': This function or variable may be unsafe. Consider using scanf_s instead. To disable deprecation, use _CRT_SECURE_NO_WARNINGS. See online help for details.
  c:\program files (x86)\windows kits\10\include\10.0.10240.0\ucrt\stdio.h(1270): note: see declaration of 'scanf'
c:\users\newuser\desktop\college\cpts_121\cpts121\pa7\pa7\poker.c(258): warning C4996: 'scanf': This function or variable may be unsafe. Consider using scanf_s instead. To disable deprecation, use _CRT_SECURE_NO_WARNINGS. See online help for details.
  c:\program files (x86)\windows kits\10\include\10.0.10240.0\ucrt\stdio.h(1270): note: see declaration of 'scanf'
c:\users\newuser\desktop\college\cpts_121\cpts121\pa7\pa7\poker.c(269): warning C4996: 'scanf': This function or variable may be unsafe. Consider using scanf_s instead. To disable deprecation, use _CRT_SECURE_NO_WARNINGS. See online help for details.
  c:\program files (x86)\windows kits\10\include\10.0.10240.0\ucrt\stdio.h(1270): note: see declaration of 'scanf'
c:\users\newuser\desktop\college\cpts_121\cpts121\pa7\pa7\poker.c(320): warning C4996: 'scanf': This function or variable may be unsafe. Consider using scanf_s instead. To disable deprecation, use _CRT_SECURE_NO_WARNINGS. See online help for details.
  c:\program files (x86)\windows kits\10\include\10.0.10240.0\ucrt\stdio.h(1270): note: see declaration of 'scanf'
c:\users\newuser\desktop\college\cpts_121\cpts121\pa7\pa7\poker.c(327): warning C4133: 'function': incompatible types - from 'Card [13]' to 'int *'
c:\users\newuser\desktop\college\cpts_121\cpts121\pa7\pa7\poker.c(327): warning C4133: 'function': incompatible types - from 'Card [4]' to 'int *'
c:\users\newuser\desktop\college\cpts_121\cpts121\pa7\pa7\poker.c(328): warning C4133: 'function': incompatible types - from 'Card [13]' to 'int *'
c:\users\newuser\desktop\college\cpts_121\cpts121\pa7\pa7\poker.c(328): warning C4133: 'function': incompatible types - from 'Card [4]' to 'int *'
c:\users\newuser\desktop\college\cpts_121\cpts121\pa7\pa7\poker.c(330): warning C4098: 'evaluate_dealer': 'void' function returning a value
  PA7.vcxproj -> C:\Users\newuser\Desktop\College\CptS_121\cpts121\PA7\Debug\PA7.exe
  PA7.vcxproj -> C:\Users\newuser\Desktop\College\CptS_121\cpts121\PA7\Debug\PA7.pdb (Full PDB)
